<?xml version="1.0" encoding="UTF-8"?>
<testsuites>
  <testsuite id="0" name="/var/www/html/src/app/shared/_services/datetime.service.spec.ts" errors="0" package="/var/www/html/src/app/shared/_services/datetime.service.spec.ts" hostname="localhost" tests="2" failures="0" time="1.449" timestamp="2018-06-25T19:11:13">
    <properties>
    </properties>
    <testcase classname="DateTime Service Test" name="Test to know if the module exist" time="0">
    </testcase>
    <testcase classname="DateTime Service Test" name="getTime$: should return actual time from API Service" time="0">
    </testcase>
    <system-out/>
    <system-err/>
  </testsuite>
  <testsuite id="1" name="/var/www/html/src/app/content/operations/contingency-list/contingency-list.spec.ts" errors="0" package="/var/www/html/src/app/content/operations/contingency-list/contingency-list.spec.ts" hostname="localhost" tests="2" failures="0" time="6.413" timestamp="2018-06-25T19:11:13">
    <properties>
    </properties>
    <testcase classname="Contingency List Test" name="Test to know if the module exist" time="0">
    </testcase>
    <testcase classname="Contingency List Test" name="$checkDataStatus method expect to be false at beginning" time="0">
    </testcase>
    <system-out/>
    <system-err/>
  </testsuite>
</testsuites>